{"level":"info","message":"Servidor HTTPS seguro rodando na porta 3001","timestamp":"2025-11-20T13:56:43.898Z"}
{"level":"info","message":"GET /api/jokes","timestamp":"2025-11-20T14:37:34.914Z"}
{"level":"info","message":"GET /api/jokes","timestamp":"2025-11-20T14:39:07.709Z"}
{"level":"info","message":"GET /api/jokes","timestamp":"2025-11-20T14:39:11.477Z"}
{"level":"info","message":"GET /api/jokes","timestamp":"2025-11-20T14:40:23.565Z"}
{"level":"info","message":"GET /api/jokes","timestamp":"2025-11-20T14:40:25.532Z"}
{"level":"info","message":"GET /api/jokes","timestamp":"2025-11-20T14:42:49.067Z"}
{"level":"info","message":"OPTIONS /api/auth/tokens","timestamp":"2025-11-20T14:43:33.628Z"}
{"level":"info","message":"POST /api/auth/tokens","timestamp":"2025-11-20T14:43:33.655Z"}
{"level":"info","message":"OPTIONS /api/auth/tokens","timestamp":"2025-11-20T14:44:08.649Z"}
{"level":"info","message":"POST /api/auth/tokens","timestamp":"2025-11-20T14:44:08.661Z"}
{"level":"info","message":"OPTIONS /api/auth/tokens","timestamp":"2025-11-20T14:44:57.293Z"}
{"level":"info","message":"POST /api/auth/tokens","timestamp":"2025-11-20T14:44:57.298Z"}
{"level":"info","message":"Servidor HTTPS seguro rodando na porta 3001","timestamp":"2025-11-20T14:49:16.958Z"}
{"level":"info","message":"OPTIONS /api/auth/tokens","timestamp":"2025-11-20T14:49:47.834Z"}
{"level":"info","message":"POST /api/auth/tokens","timestamp":"2025-11-20T14:49:47.845Z"}
{"level":"info","message":"OPTIONS /api/auth/tokens","timestamp":"2025-11-20T18:43:00.280Z"}
{"level":"info","message":"POST /api/auth/tokens","timestamp":"2025-11-20T18:43:00.313Z"}
{"level":"info","message":"OPTIONS /api/jokes","timestamp":"2025-11-20T18:43:19.614Z"}
{"level":"info","message":"GET /api/jokes","timestamp":"2025-11-20T18:43:19.617Z"}
{"level":"info","message":"GET /api/jokes","timestamp":"2025-11-20T18:43:22.497Z"}
{"level":"info","message":"OPTIONS /api/jokes","timestamp":"2025-11-20T18:43:25.544Z"}
{"level":"info","message":"GET /api/jokes","timestamp":"2025-11-20T18:43:25.548Z"}
{"level":"info","message":"OPTIONS /api/jokes","timestamp":"2025-11-20T18:43:31.218Z"}
{"level":"info","message":"GET /api/jokes","timestamp":"2025-11-20T18:43:31.222Z"}
{"level":"info","message":"GET /api/jokes","timestamp":"2025-11-20T18:43:32.023Z"}
{"level":"info","message":"GET /api/jokes","timestamp":"2025-11-20T18:43:32.682Z"}
{"level":"info","message":"GET /api/jokes","timestamp":"2025-11-20T18:43:34.593Z"}
{"level":"info","message":"GET /api/jokes","timestamp":"2025-11-20T18:43:35.485Z"}
{"level":"info","message":"GET /api/jokes","timestamp":"2025-11-20T18:43:36.192Z"}
{"level":"info","message":"OPTIONS /api/jokes","timestamp":"2025-11-20T18:43:43.121Z"}
{"level":"info","message":"GET /api/jokes","timestamp":"2025-11-20T18:43:43.123Z"}
{"level":"info","message":"GET /api/jokes","timestamp":"2025-11-20T18:43:44.316Z"}
{"level":"info","message":"GET /api/jokes","timestamp":"2025-11-20T18:43:45.217Z"}
{"level":"info","message":"GET /api/jokes","timestamp":"2025-11-20T18:43:46.139Z"}
{"level":"info","message":"GET /api/jokes","timestamp":"2025-11-20T18:43:47.474Z"}
{"level":"info","message":"OPTIONS /api/jokes","timestamp":"2025-11-20T18:43:48.458Z"}
{"level":"info","message":"GET /api/jokes","timestamp":"2025-11-20T18:43:48.461Z"}
{"level":"info","message":"GET /api/jokes","timestamp":"2025-11-20T18:43:49.514Z"}
{"level":"info","message":"GET /api/jokes","timestamp":"2025-11-20T18:43:50.193Z"}
{"level":"info","message":"GET /api/jokes","timestamp":"2025-11-20T18:43:50.609Z"}
{"level":"info","message":"GET /api/jokes","timestamp":"2025-11-20T18:43:50.809Z"}
{"level":"info","message":"GET /api/jokes","timestamp":"2025-11-20T18:43:50.985Z"}
{"level":"info","message":"GET /api/jokes","timestamp":"2025-11-20T18:43:51.144Z"}
{"level":"info","message":"GET /api/jokes","timestamp":"2025-11-20T18:43:51.320Z"}
{"level":"info","message":"GET /api/jokes","timestamp":"2025-11-20T18:43:51.518Z"}
{"level":"info","message":"GET /api/jokes","timestamp":"2025-11-20T18:43:51.704Z"}
{"level":"info","message":"GET /api/jokes","timestamp":"2025-11-20T18:43:52.252Z"}
{"level":"info","message":"OPTIONS /api/jokes","timestamp":"2025-11-20T18:43:54.256Z"}
{"level":"info","message":"GET /api/jokes","timestamp":"2025-11-20T18:43:54.259Z"}
{"level":"info","message":"GET /api/jokes","timestamp":"2025-11-20T18:43:55.405Z"}
{"level":"info","message":"GET /api/jokes","timestamp":"2025-11-20T18:43:55.850Z"}
{"level":"info","message":"GET /api/jokes","timestamp":"2025-11-20T18:43:56.326Z"}
